This file contains any messages produced by compilers while
running configure, to aid debugging if configure makes a mistake.

It was created by agent2d configure 0.4.0, which was
generated by GNU Autoconf 2.59.  Invocation command line was

  $ ./configure --with-librcsc=/home/takagi/rcss

## --------- ##
## Platform. ##
## --------- ##

hostname = bohr
uname -m = i686
uname -r = 2.6.16.13-4-default
uname -s = Linux
uname -v = #1 Wed May 3 04:53:23 UTC 2006

/usr/bin/uname -p = unknown
/bin/uname -X     = unknown

/bin/arch              = i686
/usr/bin/arch -k       = unknown
/usr/convex/getsysinfo = unknown
hostinfo               = unknown
/bin/machine           = unknown
/usr/bin/oslevel       = unknown
/bin/universe          = unknown

PATH: /home/takagi/rcss/bin
PATH: /opt/robocup/bin
PATH: /home/takagi/rcss/bin
PATH: /opt/robocup/bin
PATH: /home/takagi/rcss/bin
PATH: /opt/robocup/bin
PATH: /home/takagi/bin
PATH: /usr/local/bin
PATH: /usr/bin
PATH: /usr/X11R6/bin
PATH: /bin
PATH: /usr/games
PATH: /opt/gnome/bin
PATH: /opt/kde3/bin
PATH: /usr/lib/jvm/jre/bin
PATH: /usr/lib/mit/bin
PATH: /usr/lib/mit/sbin
PATH: /usr/lib/qt3/bin


## ----------- ##
## Core tests. ##
## ----------- ##

configure:1376: checking for a BSD-compatible install
configure:1431: result: /usr/bin/install -c
configure:1442: checking whether build environment is sane
configure:1485: result: yes
configure:1550: checking for gawk
configure:1566: found /usr/bin/gawk
configure:1576: result: gawk
configure:1586: checking whether make sets $(MAKE)
configure:1606: result: yes
configure:1836: checking for g++
configure:1852: found /usr/bin/g++
configure:1862: result: g++
configure:1878: checking for C++ compiler version
configure:1881: g++ --version </dev/null >&5
g++ (GCC) 4.1.0 (SUSE Linux)
Copyright (C) 2006 Free Software Foundation, Inc.
This is free software; see the source for copying conditions.  There is NO
warranty; not even for MERCHANTABILITY or FITNESS FOR A PARTICULAR PURPOSE.

configure:1884: $? = 0
configure:1886: g++ -v </dev/null >&5
Using built-in specs.
Target: i586-suse-linux
Configured with: ../configure --enable-threads=posix --prefix=/usr --with-local-prefix=/usr/local --infodir=/usr/share/info --mandir=/usr/share/man --libdir=/usr/lib --libexecdir=/usr/lib --enable-languages=c,c++,objc,fortran,java,ada --enable-checking=release --with-gxx-include-dir=/usr/include/c++/4.1.0 --enable-ssp --disable-libssp --enable-java-awt=gtk --enable-gtk-cairo --disable-libjava-multilib --with-slibdir=/lib --with-system-zlib --enable-shared --enable-__cxa_atexit --enable-libstdcxx-allocator=new --without-system-libunwind --with-cpu=generic --host=i586-suse-linux
Thread model: posix
gcc version 4.1.0 (SUSE Linux)
configure:1889: $? = 0
configure:1891: g++ -V </dev/null >&5
g++: '-V' option must have argument
configure:1894: $? = 1
configure:1917: checking for C++ compiler default output file name
configure:1920: g++    conftest.cc  >&5
configure:1923: $? = 0
configure:1969: result: a.out
configure:1974: checking whether the C++ compiler works
configure:1980: ./a.out
configure:1983: $? = 0
configure:2000: result: yes
configure:2007: checking whether we are cross compiling
configure:2009: result: no
configure:2012: checking for suffix of executables
configure:2014: g++ -o conftest    conftest.cc  >&5
configure:2017: $? = 0
configure:2042: result: 
configure:2048: checking for suffix of object files
configure:2069: g++ -c   conftest.cc >&5
configure:2072: $? = 0
configure:2094: result: o
configure:2098: checking whether we are using the GNU C++ compiler
configure:2122: g++ -c   conftest.cc >&5
configure:2128: $? = 0
configure:2132: test -z 
			 || test ! -s conftest.err
configure:2135: $? = 0
configure:2138: test -s conftest.o
configure:2141: $? = 0
configure:2154: result: yes
configure:2160: checking whether g++ accepts -g
configure:2181: g++ -c -g  conftest.cc >&5
configure:2187: $? = 0
configure:2191: test -z 
			 || test ! -s conftest.err
configure:2194: $? = 0
configure:2197: test -s conftest.o
configure:2200: $? = 0
configure:2211: result: yes
configure:2253: g++ -c -g -O2  conftest.cc >&5
configure:2259: $? = 0
configure:2263: test -z 
			 || test ! -s conftest.err
configure:2266: $? = 0
configure:2269: test -s conftest.o
configure:2272: $? = 0
configure:2298: g++ -c -g -O2  conftest.cc >&5
conftest.cc: In function 'int main()':
conftest.cc:15: error: 'exit' was not declared in this scope
configure:2304: $? = 1
configure: failed program was:
| /* confdefs.h.  */
| 
| #define PACKAGE_NAME "agent2d"
| #define PACKAGE_TARNAME "agent2d"
| #define PACKAGE_VERSION "0.4.0"
| #define PACKAGE_STRING "agent2d 0.4.0"
| #define PACKAGE_BUGREPORT "akky@users.sourceforge.jp"
| #define PACKAGE "agent2d"
| #define VERSION "0.4.0"
| /* end confdefs.h.  */
| 
| int
| main ()
| {
| exit (42);
|   ;
|   return 0;
| }
configure:2253: g++ -c -g -O2  conftest.cc >&5
configure:2259: $? = 0
configure:2263: test -z 
			 || test ! -s conftest.err
configure:2266: $? = 0
configure:2269: test -s conftest.o
configure:2272: $? = 0
configure:2298: g++ -c -g -O2  conftest.cc >&5
configure:2304: $? = 0
configure:2308: test -z 
			 || test ! -s conftest.err
configure:2311: $? = 0
configure:2314: test -s conftest.o
configure:2317: $? = 0
configure:2351: checking for style of include used by make
configure:2379: result: GNU
configure:2407: checking dependency style of g++
configure:2497: result: gcc3
configure:2560: checking for gcc
configure:2576: found /usr/bin/gcc
configure:2586: result: gcc
configure:2830: checking for C compiler version
configure:2833: gcc --version </dev/null >&5
gcc (GCC) 4.1.0 (SUSE Linux)
Copyright (C) 2006 Free Software Foundation, Inc.
This is free software; see the source for copying conditions.  There is NO
warranty; not even for MERCHANTABILITY or FITNESS FOR A PARTICULAR PURPOSE.

configure:2836: $? = 0
configure:2838: gcc -v </dev/null >&5
Using built-in specs.
Target: i586-suse-linux
Configured with: ../configure --enable-threads=posix --prefix=/usr --with-local-prefix=/usr/local --infodir=/usr/share/info --mandir=/usr/share/man --libdir=/usr/lib --libexecdir=/usr/lib --enable-languages=c,c++,objc,fortran,java,ada --enable-checking=release --with-gxx-include-dir=/usr/include/c++/4.1.0 --enable-ssp --disable-libssp --enable-java-awt=gtk --enable-gtk-cairo --disable-libjava-multilib --with-slibdir=/lib --with-system-zlib --enable-shared --enable-__cxa_atexit --enable-libstdcxx-allocator=new --without-system-libunwind --with-cpu=generic --host=i586-suse-linux
Thread model: posix
gcc version 4.1.0 (SUSE Linux)
configure:2841: $? = 0
configure:2843: gcc -V </dev/null >&5
gcc: '-V' option must have argument
configure:2846: $? = 1
configure:2849: checking whether we are using the GNU C compiler
configure:2873: gcc -c   conftest.c >&5
configure:2879: $? = 0
configure:2883: test -z 
			 || test ! -s conftest.err
configure:2886: $? = 0
configure:2889: test -s conftest.o
configure:2892: $? = 0
configure:2905: result: yes
configure:2911: checking whether gcc accepts -g
configure:2932: gcc -c -g  conftest.c >&5
configure:2938: $? = 0
configure:2942: test -z 
			 || test ! -s conftest.err
configure:2945: $? = 0
configure:2948: test -s conftest.o
configure:2951: $? = 0
configure:2962: result: yes
configure:2979: checking for gcc option to accept ANSI C
configure:3049: gcc  -c -g -O2  conftest.c >&5
configure:3055: $? = 0
configure:3059: test -z 
			 || test ! -s conftest.err
configure:3062: $? = 0
configure:3065: test -s conftest.o
configure:3068: $? = 0
configure:3086: result: none needed
configure:3104: gcc -c -g -O2  conftest.c >&5
conftest.c:2: error: expected '=', ',', ';', 'asm' or '__attribute__' before 'me'
configure:3110: $? = 1
configure: failed program was:
| #ifndef __cplusplus
|   choke me
| #endif
configure:3245: checking dependency style of gcc
configure:3335: result: gcc3
configure:3393: checking for ranlib
configure:3409: found /usr/bin/ranlib
configure:3420: result: ranlib
configure:3466: checking for boostlib >= 1.32.0
configure:3521: g++ -c -g -O2  -I/usr/include conftest.cc >&5
configure:3527: $? = 0
configure:3531: test -z 
			 || test ! -s conftest.err
configure:3534: $? = 0
configure:3537: test -s conftest.o
configure:3540: $? = 0
configure:3543: result: yes
configure:3749: checking for cos in -lm
configure:3779: g++ -o conftest -g -O2  -I/usr/include -I/home/takagi/rcss/include  -L/usr/lib -L/home/takagi/rcss/lib conftest.cc -lm   >&5
configure:3785: $? = 0
configure:3789: test -z 
			 || test ! -s conftest.err
configure:3792: $? = 0
configure:3795: test -s conftest
configure:3798: $? = 0
configure:3811: result: yes
configure:3822: checking for deflate in -lz
configure:3852: g++ -o conftest -g -O2  -I/usr/include -I/home/takagi/rcss/include  -L/usr/lib -L/home/takagi/rcss/lib conftest.cc -lz  -lm  >&5
configure:3858: $? = 0
configure:3862: test -z 
			 || test ! -s conftest.err
configure:3865: $? = 0
configure:3868: test -s conftest
configure:3871: $? = 0
configure:3884: result: yes
configure:3896: checking for main in -lrcsc_geom
configure:3920: g++ -o conftest -g -O2  -I/usr/include -I/home/takagi/rcss/include  -L/usr/lib -L/home/takagi/rcss/lib conftest.cc -lrcsc_geom  -lz -lm  >&5
configure:3926: $? = 0
configure:3930: test -z 
			 || test ! -s conftest.err
configure:3933: $? = 0
configure:3936: test -s conftest
configure:3939: $? = 0
configure:3952: result: yes
configure:3962: checking for main in -lrcsc_rcg
configure:3986: g++ -o conftest -g -O2  -I/usr/include -I/home/takagi/rcss/include  -L/usr/lib -L/home/takagi/rcss/lib conftest.cc -lrcsc_rcg  -lrcsc_geom -lz -lm  >&5
configure:3992: $? = 0
configure:3996: test -z 
			 || test ! -s conftest.err
configure:3999: $? = 0
configure:4002: test -s conftest
configure:4005: $? = 0
configure:4018: result: yes
configure:4030: checking for main in -lrcsc_gz
configure:4054: g++ -o conftest -g -O2  -I/usr/include -I/home/takagi/rcss/include  -L/usr/lib -L/home/takagi/rcss/lib conftest.cc -lrcsc_gz  -lrcsc_rcg -lrcsc_geom -lz -lm  >&5
configure:4060: $? = 0
configure:4064: test -z 
			 || test ! -s conftest.err
configure:4067: $? = 0
configure:4070: test -s conftest
configure:4073: $? = 0
configure:4086: result: yes
configure:4097: checking for main in -lrcsc_param
configure:4121: g++ -o conftest -g -O2  -I/usr/include -I/home/takagi/rcss/include  -L/usr/lib -L/home/takagi/rcss/lib conftest.cc -lrcsc_param  -lrcsc_gz -lrcsc_rcg -lrcsc_geom -lz -lm  >&5
configure:4127: $? = 0
configure:4131: test -z 
			 || test ! -s conftest.err
configure:4134: $? = 0
configure:4137: test -s conftest
configure:4140: $? = 0
configure:4153: result: yes
configure:4163: checking for main in -lrcsc_ann
configure:4187: g++ -o conftest -g -O2  -I/usr/include -I/home/takagi/rcss/include  -L/usr/lib -L/home/takagi/rcss/lib conftest.cc -lrcsc_ann  -lrcsc_param -lrcsc_gz -lrcsc_rcg -lrcsc_geom -lz -lm  >&5
configure:4193: $? = 0
configure:4197: test -z 
			 || test ! -s conftest.err
configure:4200: $? = 0
configure:4203: test -s conftest
configure:4206: $? = 0
configure:4219: result: yes
configure:4229: checking for main in -lrcsc_agent
configure:4253: g++ -o conftest -g -O2  -I/usr/include -I/home/takagi/rcss/include  -L/usr/lib -L/home/takagi/rcss/lib conftest.cc -lrcsc_agent  -lrcsc_ann -lrcsc_param -lrcsc_gz -lrcsc_rcg -lrcsc_geom -lz -lm  >&5
configure:4259: $? = 0
configure:4263: test -z 
			 || test ! -s conftest.err
configure:4266: $? = 0
configure:4269: test -s conftest
configure:4272: $? = 0
configure:4285: result: yes
configure:4303: checking how to run the C++ preprocessor
configure:4334: g++ -E  -I/usr/include -I/home/takagi/rcss/include conftest.cc
configure:4340: $? = 0
configure:4372: g++ -E  -I/usr/include -I/home/takagi/rcss/include conftest.cc
conftest.cc:17:28: error: ac_nonexistent.h: No such file or directory
configure:4378: $? = 1
configure: failed program was:
| /* confdefs.h.  */
| 
| #define PACKAGE_NAME "agent2d"
| #define PACKAGE_TARNAME "agent2d"
| #define PACKAGE_VERSION "0.4.0"
| #define PACKAGE_STRING "agent2d 0.4.0"
| #define PACKAGE_BUGREPORT "akky@users.sourceforge.jp"
| #define PACKAGE "agent2d"
| #define VERSION "0.4.0"
| #ifdef __cplusplus
| extern "C" void std::exit (int) throw (); using std::exit;
| #endif
| #define HAVE_BOOST
| #define HAVE_LIBZ 1
| #define HAVE_LIBRCSC_GZ 1
| /* end confdefs.h.  */
| #include <ac_nonexistent.h>
configure:4417: result: g++ -E
configure:4441: g++ -E  -I/usr/include -I/home/takagi/rcss/include conftest.cc
configure:4447: $? = 0
configure:4479: g++ -E  -I/usr/include -I/home/takagi/rcss/include conftest.cc
conftest.cc:17:28: error: ac_nonexistent.h: No such file or directory
configure:4485: $? = 1
configure: failed program was:
| /* confdefs.h.  */
| 
| #define PACKAGE_NAME "agent2d"
| #define PACKAGE_TARNAME "agent2d"
| #define PACKAGE_VERSION "0.4.0"
| #define PACKAGE_STRING "agent2d 0.4.0"
| #define PACKAGE_BUGREPORT "akky@users.sourceforge.jp"
| #define PACKAGE "agent2d"
| #define VERSION "0.4.0"
| #ifdef __cplusplus
| extern "C" void std::exit (int) throw (); using std::exit;
| #endif
| #define HAVE_BOOST
| #define HAVE_LIBZ 1
| #define HAVE_LIBRCSC_GZ 1
| /* end confdefs.h.  */
| #include <ac_nonexistent.h>
configure:4529: checking for egrep
configure:4539: result: grep -E
configure:4544: checking for ANSI C header files
configure:4569: g++ -c -g -O2  -I/usr/include -I/home/takagi/rcss/include conftest.cc >&5
configure:4575: $? = 0
configure:4579: test -z 
			 || test ! -s conftest.err
configure:4582: $? = 0
configure:4585: test -s conftest.o
configure:4588: $? = 0
configure:4677: g++ -o conftest -g -O2  -I/usr/include -I/home/takagi/rcss/include  -L/usr/lib -L/home/takagi/rcss/lib conftest.cc -lrcsc_agent -lrcsc_ann -lrcsc_param -lrcsc_gz -lrcsc_rcg -lrcsc_geom -lz -lm  >&5
configure:4680: $? = 0
configure:4682: ./conftest
configure:4685: $? = 0
configure:4700: result: yes
configure:4724: checking for sys/types.h
configure:4740: g++ -c -g -O2  -I/usr/include -I/home/takagi/rcss/include conftest.cc >&5
configure:4746: $? = 0
configure:4750: test -z 
			 || test ! -s conftest.err
configure:4753: $? = 0
configure:4756: test -s conftest.o
configure:4759: $? = 0
configure:4770: result: yes
configure:4724: checking for sys/stat.h
configure:4740: g++ -c -g -O2  -I/usr/include -I/home/takagi/rcss/include conftest.cc >&5
configure:4746: $? = 0
configure:4750: test -z 
			 || test ! -s conftest.err
configure:4753: $? = 0
configure:4756: test -s conftest.o
configure:4759: $? = 0
configure:4770: result: yes
configure:4724: checking for stdlib.h
configure:4740: g++ -c -g -O2  -I/usr/include -I/home/takagi/rcss/include conftest.cc >&5
configure:4746: $? = 0
configure:4750: test -z 
			 || test ! -s conftest.err
configure:4753: $? = 0
configure:4756: test -s conftest.o
configure:4759: $? = 0
configure:4770: result: yes
configure:4724: checking for string.h
configure:4740: g++ -c -g -O2  -I/usr/include -I/home/takagi/rcss/include conftest.cc >&5
configure:4746: $? = 0
configure:4750: test -z 
			 || test ! -s conftest.err
configure:4753: $? = 0
configure:4756: test -s conftest.o
configure:4759: $? = 0
configure:4770: result: yes
configure:4724: checking for memory.h
configure:4740: g++ -c -g -O2  -I/usr/include -I/home/takagi/rcss/include conftest.cc >&5
configure:4746: $? = 0
configure:4750: test -z 
			 || test ! -s conftest.err
configure:4753: $? = 0
configure:4756: test -s conftest.o
configure:4759: $? = 0
configure:4770: result: yes
configure:4724: checking for strings.h
configure:4740: g++ -c -g -O2  -I/usr/include -I/home/takagi/rcss/include conftest.cc >&5
configure:4746: $? = 0
configure:4750: test -z 
			 || test ! -s conftest.err
configure:4753: $? = 0
configure:4756: test -s conftest.o
configure:4759: $? = 0
configure:4770: result: yes
configure:4724: checking for inttypes.h
configure:4740: g++ -c -g -O2  -I/usr/include -I/home/takagi/rcss/include conftest.cc >&5
configure:4746: $? = 0
configure:4750: test -z 
			 || test ! -s conftest.err
configure:4753: $? = 0
configure:4756: test -s conftest.o
configure:4759: $? = 0
configure:4770: result: yes
configure:4724: checking for stdint.h
configure:4740: g++ -c -g -O2  -I/usr/include -I/home/takagi/rcss/include conftest.cc >&5
configure:4746: $? = 0
configure:4750: test -z 
			 || test ! -s conftest.err
configure:4753: $? = 0
configure:4756: test -s conftest.o
configure:4759: $? = 0
configure:4770: result: yes
configure:4724: checking for unistd.h
configure:4740: g++ -c -g -O2  -I/usr/include -I/home/takagi/rcss/include conftest.cc >&5
configure:4746: $? = 0
configure:4750: test -z 
			 || test ! -s conftest.err
configure:4753: $? = 0
configure:4756: test -s conftest.o
configure:4759: $? = 0
configure:4770: result: yes
configure:4796: checking rcsc/types.h usability
configure:4808: g++ -c -g -O2  -I/usr/include -I/home/takagi/rcss/include conftest.cc >&5
configure:4814: $? = 0
configure:4818: test -z 
			 || test ! -s conftest.err
configure:4821: $? = 0
configure:4824: test -s conftest.o
configure:4827: $? = 0
configure:4837: result: yes
configure:4841: checking rcsc/types.h presence
configure:4851: g++ -E  -I/usr/include -I/home/takagi/rcss/include conftest.cc
configure:4857: $? = 0
configure:4877: result: yes
configure:4912: checking for rcsc/types.h
configure:4919: result: yes
configure:4935: checking for stdbool.h that conforms to C99
configure:4988: g++ -c -g -O2  -I/usr/include -I/home/takagi/rcss/include conftest.cc >&5
configure:4994: $? = 0
configure:4998: test -z 
			 || test ! -s conftest.err
configure:5001: $? = 0
configure:5004: test -s conftest.o
configure:5007: $? = 0
configure:5018: result: yes
configure:5020: checking for _Bool
configure:5044: g++ -c -g -O2  -I/usr/include -I/home/takagi/rcss/include conftest.cc >&5
conftest.cc: In function 'int main()':
conftest.cc:65: error: '_Bool' was not declared in this scope
conftest.cc:65: error: expected primary-expression before ')' token
conftest.cc:65: error: expected `)' before numeric constant
conftest.cc:67: error: '_Bool' was not declared in this scope
configure:5050: $? = 1
configure: failed program was:
| /* confdefs.h.  */
| 
| #define PACKAGE_NAME "agent2d"
| #define PACKAGE_TARNAME "agent2d"
| #define PACKAGE_VERSION "0.4.0"
| #define PACKAGE_STRING "agent2d 0.4.0"
| #define PACKAGE_BUGREPORT "akky@users.sourceforge.jp"
| #define PACKAGE "agent2d"
| #define VERSION "0.4.0"
| #ifdef __cplusplus
| extern "C" void std::exit (int) throw (); using std::exit;
| #endif
| #define HAVE_BOOST
| #define HAVE_LIBZ 1
| #define HAVE_LIBRCSC_GZ 1
| #define STDC_HEADERS 1
| #define HAVE_SYS_TYPES_H 1
| #define HAVE_SYS_STAT_H 1
| #define HAVE_STDLIB_H 1
| #define HAVE_STRING_H 1
| #define HAVE_MEMORY_H 1
| #define HAVE_STRINGS_H 1
| #define HAVE_INTTYPES_H 1
| #define HAVE_STDINT_H 1
| #define HAVE_UNISTD_H 1
| #define HAVE_RCSC_TYPES_H 1
| /* end confdefs.h.  */
| #include <stdio.h>
| #if HAVE_SYS_TYPES_H
| # include <sys/types.h>
| #endif
| #if HAVE_SYS_STAT_H
| # include <sys/stat.h>
| #endif
| #if STDC_HEADERS
| # include <stdlib.h>
| # include <stddef.h>
| #else
| # if HAVE_STDLIB_H
| #  include <stdlib.h>
| # endif
| #endif
| #if HAVE_STRING_H
| # if !STDC_HEADERS && HAVE_MEMORY_H
| #  include <memory.h>
| # endif
| # include <string.h>
| #endif
| #if HAVE_STRINGS_H
| # include <strings.h>
| #endif
| #if HAVE_INTTYPES_H
| # include <inttypes.h>
| #else
| # if HAVE_STDINT_H
| #  include <stdint.h>
| # endif
| #endif
| #if HAVE_UNISTD_H
| # include <unistd.h>
| #endif
| int
| main ()
| {
| if ((_Bool *) 0)
|   return 0;
| if (sizeof (_Bool))
|   return 0;
|   ;
|   return 0;
| }
configure:5074: result: no
configure:5093: checking for an ANSI C-conforming const
configure:5160: g++ -c -g -O2  -I/usr/include -I/home/takagi/rcss/include conftest.cc >&5
configure:5166: $? = 0
configure:5170: test -z 
			 || test ! -s conftest.err
configure:5173: $? = 0
configure:5176: test -s conftest.o
configure:5179: $? = 0
configure:5190: result: yes
configure:5200: checking for inline
configure:5221: g++ -c -g -O2  -I/usr/include -I/home/takagi/rcss/include conftest.cc >&5
configure:5227: $? = 0
configure:5231: test -z 
			 || test ! -s conftest.err
configure:5234: $? = 0
configure:5237: test -s conftest.o
configure:5240: $? = 0
configure:5252: result: inline
configure:5271: checking for size_t
configure:5295: g++ -c -g -O2  -I/usr/include -I/home/takagi/rcss/include conftest.cc >&5
configure:5301: $? = 0
configure:5305: test -z 
			 || test ! -s conftest.err
configure:5308: $? = 0
configure:5311: test -s conftest.o
configure:5314: $? = 0
configure:5325: result: yes
configure:5337: checking whether time.h and sys/time.h may both be included
configure:5362: g++ -c -g -O2  -I/usr/include -I/home/takagi/rcss/include conftest.cc >&5
configure:5368: $? = 0
configure:5372: test -z 
			 || test ! -s conftest.err
configure:5375: $? = 0
configure:5378: test -s conftest.o
configure:5381: $? = 0
configure:5392: result: yes
configure:5419: checking for ANSI C header files
configure:5575: result: yes
configure:5592: checking for floor
configure:5649: g++ -o conftest -g -O2  -I/usr/include -I/home/takagi/rcss/include  -L/usr/lib -L/home/takagi/rcss/lib conftest.cc -lrcsc_agent -lrcsc_ann -lrcsc_param -lrcsc_gz -lrcsc_rcg -lrcsc_geom -lz -lm  >&5
configure:5655: $? = 0
configure:5659: test -z 
			 || test ! -s conftest.err
configure:5662: $? = 0
configure:5665: test -s conftest
configure:5668: $? = 0
configure:5680: result: yes
configure:5592: checking for pow
configure:5649: g++ -o conftest -g -O2  -I/usr/include -I/home/takagi/rcss/include  -L/usr/lib -L/home/takagi/rcss/lib conftest.cc -lrcsc_agent -lrcsc_ann -lrcsc_param -lrcsc_gz -lrcsc_rcg -lrcsc_geom -lz -lm  >&5
configure:5655: $? = 0
configure:5659: test -z 
			 || test ! -s conftest.err
configure:5662: $? = 0
configure:5665: test -s conftest
configure:5668: $? = 0
configure:5680: result: yes
configure:5592: checking for sqrt
configure:5649: g++ -o conftest -g -O2  -I/usr/include -I/home/takagi/rcss/include  -L/usr/lib -L/home/takagi/rcss/lib conftest.cc -lrcsc_agent -lrcsc_ann -lrcsc_param -lrcsc_gz -lrcsc_rcg -lrcsc_geom -lz -lm  >&5
configure:5655: $? = 0
configure:5659: test -z 
			 || test ! -s conftest.err
configure:5662: $? = 0
configure:5665: test -s conftest
configure:5668: $? = 0
configure:5680: result: yes
configure:5592: checking for strerror
configure:5649: g++ -o conftest -g -O2  -I/usr/include -I/home/takagi/rcss/include  -L/usr/lib -L/home/takagi/rcss/lib conftest.cc -lrcsc_agent -lrcsc_ann -lrcsc_param -lrcsc_gz -lrcsc_rcg -lrcsc_geom -lz -lm  >&5
configure:5655: $? = 0
configure:5659: test -z 
			 || test ! -s conftest.err
configure:5662: $? = 0
configure:5665: test -s conftest
configure:5668: $? = 0
configure:5680: result: yes
configure:5809: creating ./config.status

## ---------------------- ##
## Running config.status. ##
## ---------------------- ##

This file was extended by agent2d config.status 0.4.0, which was
generated by GNU Autoconf 2.59.  Invocation command line was

  CONFIG_FILES    = 
  CONFIG_HEADERS  = 
  CONFIG_LINKS    = 
  CONFIG_COMMANDS = 
  $ ./config.status 

on bohr

config.status:704: creating Makefile
config.status:704: creating src/Makefile
config.status:704: creating src/reconnect.sh
config.status:704: creating src/start.sh
config.status:704: creating src/train.sh
config.status:826: creating config.h
config.status:954: config.h is unchanged
config.status:1134: executing depfiles commands

## ---------------- ##
## Cache variables. ##
## ---------------- ##

ac_cv_c_compiler_gnu=yes
ac_cv_c_const=yes
ac_cv_c_inline=inline
ac_cv_cxx_compiler_gnu=yes
ac_cv_env_CC_set=
ac_cv_env_CC_value=
ac_cv_env_CFLAGS_set=
ac_cv_env_CFLAGS_value=
ac_cv_env_CPPFLAGS_set=
ac_cv_env_CPPFLAGS_value=
ac_cv_env_CXXCPP_set=
ac_cv_env_CXXCPP_value=
ac_cv_env_CXXFLAGS_set=
ac_cv_env_CXXFLAGS_value=
ac_cv_env_CXX_set=
ac_cv_env_CXX_value=
ac_cv_env_LDFLAGS_set=
ac_cv_env_LDFLAGS_value=
ac_cv_env_build_alias_set=
ac_cv_env_build_alias_value=
ac_cv_env_host_alias_set=
ac_cv_env_host_alias_value=
ac_cv_env_target_alias_set=
ac_cv_env_target_alias_value=
ac_cv_exeext=
ac_cv_func_floor=yes
ac_cv_func_pow=yes
ac_cv_func_sqrt=yes
ac_cv_func_strerror=yes
ac_cv_header_inttypes_h=yes
ac_cv_header_memory_h=yes
ac_cv_header_rcsc_types_h=yes
ac_cv_header_stdbool_h=yes
ac_cv_header_stdc=yes
ac_cv_header_stdint_h=yes
ac_cv_header_stdlib_h=yes
ac_cv_header_string_h=yes
ac_cv_header_strings_h=yes
ac_cv_header_sys_stat_h=yes
ac_cv_header_sys_types_h=yes
ac_cv_header_time=yes
ac_cv_header_unistd_h=yes
ac_cv_lib_m_cos=yes
ac_cv_lib_rcsc_agent_main=yes
ac_cv_lib_rcsc_ann_main=yes
ac_cv_lib_rcsc_geom_main=yes
ac_cv_lib_rcsc_gz_main=yes
ac_cv_lib_rcsc_param_main=yes
ac_cv_lib_rcsc_rcg_main=yes
ac_cv_lib_z_deflate=yes
ac_cv_objext=o
ac_cv_path_install='/usr/bin/install -c'
ac_cv_prog_AWK=gawk
ac_cv_prog_CXXCPP='g++ -E'
ac_cv_prog_ac_ct_CC=gcc
ac_cv_prog_ac_ct_CXX=g++
ac_cv_prog_ac_ct_RANLIB=ranlib
ac_cv_prog_cc_g=yes
ac_cv_prog_cc_stdc=
ac_cv_prog_cxx_g=yes
ac_cv_prog_egrep='grep -E'
ac_cv_prog_make_make_set=yes
ac_cv_type__Bool=no
ac_cv_type_size_t=yes
am_cv_CC_dependencies_compiler_type=gcc3
am_cv_CXX_dependencies_compiler_type=gcc3

## ----------------- ##
## Output variables. ##
## ----------------- ##

ACLOCAL='${SHELL} /home/takagi/rcss/5_5_Obake_ver2/config/missing --run aclocal-1.9'
AMDEPBACKSLASH='\'
AMDEP_FALSE='#'
AMDEP_TRUE=''
AMTAR='${SHELL} /home/takagi/rcss/5_5_Obake_ver2/config/missing --run tar'
AUTOCONF='${SHELL} /home/takagi/rcss/5_5_Obake_ver2/config/missing --run autoconf'
AUTOHEADER='${SHELL} /home/takagi/rcss/5_5_Obake_ver2/config/missing --run autoheader'
AUTOMAKE='${SHELL} /home/takagi/rcss/5_5_Obake_ver2/config/missing --run automake-1.9'
AWK='gawk'
BOOST_CPPFLAGS='-I/usr/include'
BOOST_LDFLAGS='-L/usr/lib'
CC='gcc'
CCDEPMODE='depmode=gcc3'
CFLAGS='-g -O2'
CPPFLAGS=' -I/usr/include -I/home/takagi/rcss/include'
CXX='g++'
CXXCPP='g++ -E'
CXXDEPMODE='depmode=gcc3'
CXXFLAGS='-g -O2'
CYGPATH_W='echo'
DEFS='-DHAVE_CONFIG_H'
DEPDIR='.deps'
ECHO_C=''
ECHO_N='-n'
ECHO_T=''
EGREP='grep -E'
EXEEXT=''
INSTALL_DATA='${INSTALL} -m 644'
INSTALL_PROGRAM='${INSTALL}'
INSTALL_SCRIPT='${INSTALL}'
INSTALL_STRIP_PROGRAM='${SHELL} $(install_sh) -c -s'
LDFLAGS=' -L/usr/lib -L/home/takagi/rcss/lib'
LIBOBJS=''
LIBRCSCLIB='/home/takagi/rcss/lib'
LIBS='-lrcsc_agent -lrcsc_ann -lrcsc_param -lrcsc_gz -lrcsc_rcg -lrcsc_geom -lz -lm '
LTLIBOBJS=''
MAKEINFO='${SHELL} /home/takagi/rcss/5_5_Obake_ver2/config/missing --run makeinfo'
OBJEXT='o'
PACKAGE='agent2d'
PACKAGE_BUGREPORT='akky@users.sourceforge.jp'
PACKAGE_NAME='agent2d'
PACKAGE_STRING='agent2d 0.4.0'
PACKAGE_TARNAME='agent2d'
PACKAGE_VERSION='0.4.0'
PATH_SEPARATOR=':'
RANLIB='ranlib'
SET_MAKE=''
SHELL='/bin/sh'
STRIP=''
VERSION='0.4.0'
ac_ct_CC='gcc'
ac_ct_CXX='g++'
ac_ct_RANLIB='ranlib'
ac_ct_STRIP=''
am__fastdepCC_FALSE='#'
am__fastdepCC_TRUE=''
am__fastdepCXX_FALSE='#'
am__fastdepCXX_TRUE=''
am__include='include'
am__leading_dot='.'
am__quote=''
am__tar='${AMTAR} chof - "$$tardir"'
am__untar='${AMTAR} xf -'
bindir='${exec_prefix}/bin'
build_alias=''
datadir='${prefix}/share'
exec_prefix='${prefix}'
host_alias=''
includedir='${prefix}/include'
infodir='${prefix}/info'
install_sh='/home/takagi/rcss/5_5_Obake_ver2/config/install-sh'
libdir='${exec_prefix}/lib'
libexecdir='${exec_prefix}/libexec'
localstatedir='${prefix}/var'
mandir='${prefix}/man'
mkdir_p='mkdir -p --'
oldincludedir='/usr/include'
prefix='/usr/local'
program_transform_name='s,x,x,'
sbindir='${exec_prefix}/sbin'
sharedstatedir='${prefix}/com'
sysconfdir='${prefix}/etc'
target_alias=''

## ----------- ##
## confdefs.h. ##
## ----------- ##

#define HAVE_BOOST
#define HAVE_FLOOR 1
#define HAVE_INTTYPES_H 1
#define HAVE_LIBRCSC_GZ 1
#define HAVE_LIBZ 1
#define HAVE_MEMORY_H 1
#define HAVE_POW 1
#define HAVE_RCSC_TYPES_H 1
#define HAVE_SQRT 1
#define HAVE_STDBOOL_H 1
#define HAVE_STDINT_H 1
#define HAVE_STDLIB_H 1
#define HAVE_STRERROR 1
#define HAVE_STRINGS_H 1
#define HAVE_STRING_H 1
#define HAVE_SYS_STAT_H 1
#define HAVE_SYS_TYPES_H 1
#define HAVE_UNISTD_H 1
#define PACKAGE "agent2d"
#define PACKAGE_BUGREPORT "akky@users.sourceforge.jp"
#define PACKAGE_NAME "agent2d"
#define PACKAGE_STRING "agent2d 0.4.0"
#define PACKAGE_TARNAME "agent2d"
#define PACKAGE_VERSION "0.4.0"
#define STDC_HEADERS 1
#define STDC_HEADERS 1
#define TIME_WITH_SYS_TIME 1
#define VERSION "0.4.0"
#endif
#ifdef __cplusplus
extern "C" void std::exit (int) throw (); using std::exit;

configure: exit 0
